# JRE version: Java(TM) SE Runtime Environment 18.9 (11.0.28+12) (build 11.0.28+12-LTS-279)
# Java VM: Java HotSpot(TM) 64-Bit Server VM 18.9 (11.0.28+12-LTS-279, mixed mode, tiered, compressed oops, g1 gc, windows-amd64)
Heap:
 garbage-first heap   total 260096K, used 22950K [0x0000000702a00000, 0x0000000800000000)
  region size 1024K, 16 young (16384K), 8 survivors (8192K)
 Metaspace       used 30822K, capacity 31562K, committed 31872K, reserved 1077248K
  class space    used 3574K, capacity 3852K, committed 3968K, reserved 1048576K
GC Heap History (6 events):
Event: 0.787 GC heap before
{Heap before GC invocations=0 (full 0):
 garbage-first heap   total 260096K, used 23552K [0x0000000702a00000, 0x0000000800000000)
  region size 1024K, 24 young (24576K), 0 survivors (0K)
 Metaspace       used 11471K, capacity 11773K, committed 12032K, reserved 1060864K
  class space    used 1049K, capacity 1161K, committed 1280K, reserved 1048576K
}
Event: 0.793 GC heap after
{Heap after GC invocations=1 (full 0):
 garbage-first heap   total 260096K, used 5612K [0x0000000702a00000, 0x0000000800000000)
  region size 1024K, 3 young (3072K), 3 survivors (3072K)
 Metaspace       used 11471K, capacity 11773K, committed 12032K, reserved 1060864K
  class space    used 1049K, capacity 1161K, committed 1280K, reserved 1048576K
}
Event: 2.289 GC heap before
{Heap before GC invocations=1 (full 0):
 garbage-first heap   total 260096K, used 63980K [0x0000000702a00000, 0x0000000800000000)
  region size 1024K, 61 young (62464K), 3 survivors (3072K)
 Metaspace       used 20712K, capacity 21155K, committed 21248K, reserved 1069056K
  class space    used 2144K, capacity 2280K, committed 2304K, reserved 1048576K
}
Event: 2.293 GC heap after
{Heap after GC invocations=2 (full 0):
 garbage-first heap   total 260096K, used 7817K [0x0000000702a00000, 0x0000000800000000)
  region size 1024K, 6 young (6144K), 6 survivors (6144K)
 Metaspace       used 20712K, capacity 21155K, committed 21248K, reserved 1069056K
  class space    used 2144K, capacity 2280K, committed 2304K, reserved 1048576K
}
Event: 3.249 GC heap before
{Heap before GC invocations=3 (full 0):
 garbage-first heap   total 260096K, used 71305K [0x0000000702a00000, 0x0000000800000000)
  region size 1024K, 67 young (68608K), 6 survivors (6144K)
 Metaspace       used 29642K, capacity 30402K, committed 30720K, reserved 1077248K
  class space    used 3488K, capacity 3761K, committed 3840K, reserved 1048576K
}
Event: 3.257 GC heap after
{Heap after GC invocations=4 (full 0):
 garbage-first heap   total 260096K, used 13734K [0x0000000702a00000, 0x0000000800000000)
  region size 1024K, 8 young (8192K), 8 survivors (8192K)
 Metaspace       used 29642K, capacity 30402K, committed 30720K, reserved 1077248K
  class space    used 3488K, capacity 3761K, committed 3840K, reserved 1048576K
}

