# JRE version: Java(TM) SE Runtime Environment 18.9 (11.0.28+12) (build 11.0.28+12-LTS-279)
# Java VM: Java HotSpot(TM) 64-Bit Server VM 18.9 (11.0.28+12-LTS-279, mixed mode, tiered, compressed oops, g1 gc, windows-amd64)
Heap:
 garbage-first heap   total 260096K, used 37511K [0x0000000702a00000, 0x0000000800000000)
  region size 1024K, 29 young (29696K), 6 survivors (6144K)
 Metaspace       used 32552K, capacity 33292K, committed 33408K, reserved 1079296K
  class space    used 3811K, capacity 4114K, committed 4224K, reserved 1048576K
GC Heap History (6 events):
Event: 0.632 GC heap before
{Heap before GC invocations=0 (full 0):
 garbage-first heap   total 260096K, used 23552K [0x0000000702a00000, 0x0000000800000000)
  region size 1024K, 24 young (24576K), 0 survivors (0K)
 Metaspace       used 11466K, capacity 11773K, committed 12032K, reserved 1060864K
  class space    used 1048K, capacity 1161K, committed 1280K, reserved 1048576K
}
Event: 0.636 GC heap after
{Heap after GC invocations=1 (full 0):
 garbage-first heap   total 260096K, used 6791K [0x0000000702a00000, 0x0000000800000000)
  region size 1024K, 3 young (3072K), 3 survivors (3072K)
 Metaspace       used 11466K, capacity 11773K, committed 12032K, reserved 1060864K
  class space    used 1048K, capacity 1161K, committed 1280K, reserved 1048576K
}
Event: 1.418 GC heap before
{Heap before GC invocations=1 (full 0):
 garbage-first heap   total 260096K, used 62087K [0x0000000702a00000, 0x0000000800000000)
  region size 1024K, 58 young (59392K), 3 survivors (3072K)
 Metaspace       used 20722K, capacity 21154K, committed 21248K, reserved 1069056K
  class space    used 2135K, capacity 2280K, committed 2304K, reserved 1048576K
}
Event: 1.421 GC heap after
{Heap after GC invocations=2 (full 0):
 garbage-first heap   total 260096K, used 8777K [0x0000000702a00000, 0x0000000800000000)
  region size 1024K, 5 young (5120K), 5 survivors (5120K)
 Metaspace       used 20722K, capacity 21154K, committed 21248K, reserved 1069056K
  class space    used 2135K, capacity 2280K, committed 2304K, reserved 1048576K
}
Event: 12.121 GC heap before
{Heap before GC invocations=3 (full 0):
 garbage-first heap   total 260096K, used 66121K [0x0000000702a00000, 0x0000000800000000)
  region size 1024K, 60 young (61440K), 5 survivors (5120K)
 Metaspace       used 29161K, capacity 29750K, committed 29952K, reserved 1075200K
  class space    used 3332K, capacity 3562K, committed 3584K, reserved 1048576K
}
Event: 12.125 GC heap after
{Heap after GC invocations=4 (full 0):
 garbage-first heap   total 260096K, used 12935K [0x0000000702a00000, 0x0000000800000000)
  region size 1024K, 6 young (6144K), 6 survivors (6144K)
 Metaspace       used 29161K, capacity 29750K, committed 29952K, reserved 1075200K
  class space    used 3332K, capacity 3562K, committed 3584K, reserved 1048576K
}

