# JRE version: Java(TM) SE Runtime Environment 18.9 (11.0.28+12) (build 11.0.28+12-LTS-279)
# Java VM: Java HotSpot(TM) 64-Bit Server VM 18.9 (11.0.28+12-LTS-279, mixed mode, tiered, compressed oops, g1 gc, windows-amd64)
Heap:
 garbage-first heap   total 260096K, used 26469K [0x0000000702a00000, 0x0000000800000000)
  region size 1024K, 18 young (18432K), 7 survivors (7168K)
 Metaspace       used 30453K, capacity 31162K, committed 31360K, reserved 1077248K
  class space    used 3557K, capacity 3848K, committed 3968K, reserved 1048576K
GC Heap History (6 events):
Event: 1.820 GC heap before
{Heap before GC invocations=0 (full 0):
 garbage-first heap   total 260096K, used 23552K [0x0000000702a00000, 0x0000000800000000)
  region size 1024K, 24 young (24576K), 0 survivors (0K)
 Metaspace       used 11472K, capacity 11773K, committed 12032K, reserved 1060864K
  class space    used 1050K, capacity 1161K, committed 1280K, reserved 1048576K
}
Event: 1.824 GC heap after
{Heap after GC invocations=1 (full 0):
 garbage-first heap   total 260096K, used 6424K [0x0000000702a00000, 0x0000000800000000)
  region size 1024K, 3 young (3072K), 3 survivors (3072K)
 Metaspace       used 11472K, capacity 11773K, committed 12032K, reserved 1060864K
  class space    used 1050K, capacity 1161K, committed 1280K, reserved 1048576K
}
Event: 2.741 GC heap before
{Heap before GC invocations=1 (full 0):
 garbage-first heap   total 260096K, used 62744K [0x0000000702a00000, 0x0000000800000000)
  region size 1024K, 59 young (60416K), 3 survivors (3072K)
 Metaspace       used 20712K, capacity 21154K, committed 21248K, reserved 1069056K
  class space    used 2136K, capacity 2280K, committed 2304K, reserved 1048576K
}
Event: 2.745 GC heap after
{Heap after GC invocations=2 (full 0):
 garbage-first heap   total 260096K, used 8667K [0x0000000702a00000, 0x0000000800000000)
  region size 1024K, 6 young (6144K), 6 survivors (6144K)
 Metaspace       used 20712K, capacity 21154K, committed 21248K, reserved 1069056K
  class space    used 2136K, capacity 2280K, committed 2304K, reserved 1048576K
}
Event: 3.645 GC heap before
{Heap before GC invocations=3 (full 0):
 garbage-first heap   total 260096K, used 67035K [0x0000000702a00000, 0x0000000800000000)
  region size 1024K, 62 young (63488K), 6 survivors (6144K)
 Metaspace       used 28726K, capacity 29367K, committed 29568K, reserved 1075200K
  class space    used 3370K, capacity 3604K, committed 3712K, reserved 1048576K
}
Event: 3.652 GC heap after
{Heap after GC invocations=4 (full 0):
 garbage-first heap   total 260096K, used 14181K [0x0000000702a00000, 0x0000000800000000)
  region size 1024K, 7 young (7168K), 7 survivors (7168K)
 Metaspace       used 28726K, capacity 29367K, committed 29568K, reserved 1075200K
  class space    used 3370K, capacity 3604K, committed 3712K, reserved 1048576K
}

