# JRE version: Java(TM) SE Runtime Environment 18.9 (11.0.28+12) (build 11.0.28+12-LTS-279)
# Java VM: Java HotSpot(TM) 64-Bit Server VM 18.9 (11.0.28+12-LTS-279, mixed mode, tiered, compressed oops, g1 gc, windows-amd64)
Heap:
 garbage-first heap   total 260096K, used 45180K [0x0000000702a00000, 0x0000000800000000)
  region size 1024K, 37 young (37888K), 6 survivors (6144K)
 Metaspace       used 33331K, capacity 34160K, committed 34432K, reserved 1079296K
  class space    used 3844K, capacity 4159K, committed 4224K, reserved 1048576K
GC Heap History (6 events):
Event: 0.774 GC heap before
{Heap before GC invocations=0 (full 0):
 garbage-first heap   total 260096K, used 23552K [0x0000000702a00000, 0x0000000800000000)
  region size 1024K, 24 young (24576K), 0 survivors (0K)
 Metaspace       used 11463K, capacity 11773K, committed 12032K, reserved 1060864K
  class space    used 1049K, capacity 1161K, committed 1280K, reserved 1048576K
}
Event: 0.777 GC heap after
{Heap after GC invocations=1 (full 0):
 garbage-first heap   total 260096K, used 5605K [0x0000000702a00000, 0x0000000800000000)
  region size 1024K, 3 young (3072K), 3 survivors (3072K)
 Metaspace       used 11463K, capacity 11773K, committed 12032K, reserved 1060864K
  class space    used 1049K, capacity 1161K, committed 1280K, reserved 1048576K
}
Event: 1.456 GC heap before
{Heap before GC invocations=1 (full 0):
 garbage-first heap   total 260096K, used 61925K [0x0000000702a00000, 0x0000000800000000)
  region size 1024K, 59 young (60416K), 3 survivors (3072K)
 Metaspace       used 20724K, capacity 21154K, committed 21248K, reserved 1069056K
  class space    used 2141K, capacity 2280K, committed 2304K, reserved 1048576K
}
Event: 1.459 GC heap after
{Heap after GC invocations=2 (full 0):
 garbage-first heap   total 260096K, used 7782K [0x0000000702a00000, 0x0000000800000000)
  region size 1024K, 6 young (6144K), 6 survivors (6144K)
 Metaspace       used 20724K, capacity 21154K, committed 21248K, reserved 1069056K
  class space    used 2141K, capacity 2280K, committed 2304K, reserved 1048576K
}
Event: 17.966 GC heap before
{Heap before GC invocations=3 (full 0):
 garbage-first heap   total 260096K, used 65126K [0x0000000702a00000, 0x0000000800000000)
  region size 1024K, 62 young (63488K), 6 survivors (6144K)
 Metaspace       used 29448K, capacity 30126K, committed 30336K, reserved 1075200K
  class space    used 3376K, capacity 3645K, committed 3712K, reserved 1048576K
}
Event: 17.971 GC heap after
{Heap after GC invocations=4 (full 0):
 garbage-first heap   total 260096K, used 12412K [0x0000000702a00000, 0x0000000800000000)
  region size 1024K, 6 young (6144K), 6 survivors (6144K)
 Metaspace       used 29448K, capacity 30126K, committed 30336K, reserved 1075200K
  class space    used 3376K, capacity 3645K, committed 3712K, reserved 1048576K
}

