# JRE version: Java(TM) SE Runtime Environment 18.9 (11.0.28+12) (build 11.0.28+12-LTS-279)
# Java VM: Java HotSpot(TM) 64-Bit Server VM 18.9 (11.0.28+12-LTS-279, mixed mode, tiered, compressed oops, g1 gc, windows-amd64)
Heap:
 garbage-first heap   total 260096K, used 21806K [0x0000000702a00000, 0x0000000800000000)
  region size 1024K, 14 young (14336K), 7 survivors (7168K)
 Metaspace       used 30315K, capacity 31092K, committed 31360K, reserved 1077248K
  class space    used 3558K, capacity 3847K, committed 3968K, reserved 1048576K
GC Heap History (6 events):
Event: 0.632 GC heap before
{Heap before GC invocations=0 (full 0):
 garbage-first heap   total 260096K, used 23552K [0x0000000702a00000, 0x0000000800000000)
  region size 1024K, 24 young (24576K), 0 survivors (0K)
 Metaspace       used 11476K, capacity 11837K, committed 12032K, reserved 1060864K
  class space    used 1049K, capacity 1161K, committed 1280K, reserved 1048576K
}
Event: 0.635 GC heap after
{Heap after GC invocations=1 (full 0):
 garbage-first heap   total 260096K, used 5599K [0x0000000702a00000, 0x0000000800000000)
  region size 1024K, 3 young (3072K), 3 survivors (3072K)
 Metaspace       used 11476K, capacity 11837K, committed 12032K, reserved 1060864K
  class space    used 1049K, capacity 1161K, committed 1280K, reserved 1048576K
}
Event: 1.401 GC heap before
{Heap before GC invocations=1 (full 0):
 garbage-first heap   total 260096K, used 63967K [0x0000000702a00000, 0x0000000800000000)
  region size 1024K, 61 young (62464K), 3 survivors (3072K)
 Metaspace       used 20720K, capacity 21154K, committed 21248K, reserved 1069056K
  class space    used 2144K, capacity 2280K, committed 2304K, reserved 1048576K
}
Event: 1.404 GC heap after
{Heap after GC invocations=2 (full 0):
 garbage-first heap   total 260096K, used 7534K [0x0000000702a00000, 0x0000000800000000)
  region size 1024K, 5 young (5120K), 5 survivors (5120K)
 Metaspace       used 20720K, capacity 21154K, committed 21248K, reserved 1069056K
  class space    used 2144K, capacity 2280K, committed 2304K, reserved 1048576K
}
Event: 2.139 GC heap before
{Heap before GC invocations=3 (full 0):
 garbage-first heap   total 260096K, used 69998K [0x0000000702a00000, 0x0000000800000000)
  region size 1024K, 65 young (66560K), 5 survivors (5120K)
 Metaspace       used 29377K, capacity 30081K, committed 30208K, reserved 1075200K
  class space    used 3459K, capacity 3719K, committed 3840K, reserved 1048576K
}
Event: 2.144 GC heap after
{Heap after GC invocations=4 (full 0):
 garbage-first heap   total 260096K, used 13614K [0x0000000702a00000, 0x0000000800000000)
  region size 1024K, 7 young (7168K), 7 survivors (7168K)
 Metaspace       used 29377K, capacity 30081K, committed 30208K, reserved 1075200K
  class space    used 3459K, capacity 3719K, committed 3840K, reserved 1048576K
}

